<?xml version="1.0" encoding="UTF-8"?>
<testng-results skipped="0" failed="0" ignored="0" total="2" passed="2">
  <reporter-output>
  </reporter-output>
  <suite name="Default suite" duration-ms="39048" started-at="2019-07-15T19:44:05Z" finished-at="2019-07-15T19:44:44Z">
    <groups>
    </groups>
    <test name="Default test" duration-ms="39048" started-at="2019-07-15T19:44:05Z" finished-at="2019-07-15T19:44:44Z">
      <class name="com.Test.scripbox.BaseTest">
        <test-method status="PASS" signature="PositiveScenario()[pri:0, instance:com.Test.scripbox.BaseTest@192d3247]" name="PositiveScenario" duration-ms="24849" started-at="2019-07-15T19:44:05Z" finished-at="2019-07-15T19:44:30Z">
          <reporter-output>
          </reporter-output>
        </test-method> <!-- PositiveScenario -->
        <test-method status="PASS" signature="InvalidSrc()[pri:1, instance:com.Test.scripbox.BaseTest@192d3247]" name="InvalidSrc" duration-ms="14140" started-at="2019-07-15T19:44:30Z" finished-at="2019-07-15T19:44:44Z">
          <reporter-output>
          </reporter-output>
        </test-method> <!-- InvalidSrc -->
      </class> <!-- com.Test.scripbox.BaseTest -->
    </test> <!-- Default test -->
  </suite> <!-- Default suite -->
</testng-results>
